\BOOKMARK [1][]{section.1}{\376\377\116\000\060\001\000\040\225\356\230\230\221\315\217\360}{}% 1
\BOOKMARK [1][]{section.2}{\376\377\116\214\060\001\000\040\225\356\230\230\122\006\147\220}{}% 2
\BOOKMARK [2][]{subsection.2.1}{\376\377\0002\000.\0001\000\040\136\372\152\041\122\006\147\220}{section.2}% 3
\BOOKMARK [2][]{subsection.2.2}{\376\377\0002\000.\0002\000\040\225\356\230\230\116\000\166\204\122\006\147\220}{section.2}% 4
\BOOKMARK [2][]{subsection.2.3}{\376\377\0002\000.\0003\000\040\225\356\230\230\116\214\166\204\122\006\147\220}{section.2}% 5
\BOOKMARK [2][]{subsection.2.4}{\376\377\0002\000.\0004\000\040\225\356\230\230\116\011\166\204\122\006\147\220}{section.2}% 6
\BOOKMARK [2][]{subsection.2.5}{\376\377\0002\000.\0005\000\040\225\356\230\230\126\333\166\204\122\006\147\220}{section.2}% 7
\BOOKMARK [1][]{section.3}{\376\377\116\011\060\001\000\040\152\041\127\213\120\107\213\276}{}% 8
\BOOKMARK [1][]{section.4}{\376\377\126\333\060\001\000\040\173\046\123\367\213\364\146\016\123\312\124\015\213\315\133\232\116\111}{}% 9
\BOOKMARK [1][]{section.5}{\376\377\116\224\060\001\000\040\152\041\127\213\166\204\136\372\172\313}{}% 10
\BOOKMARK [2][]{subsection.5.1}{\376\377\0005\000.\0001\000\040\160\211\121\205\172\172\154\024\156\051\136\246\166\204\172\172\225\364\122\006\136\003}{section.5}% 11
\BOOKMARK [3][]{subsubsection.5.1.1}{\376\377\0005\000.\0001\000.\0001\000\040\160\355\117\040\133\374\121\154\137\017\166\204\143\250\133\374}{subsection.5.1}% 12
\BOOKMARK [3][]{subsubsection.5.1.2}{\376\377\0005\000.\0001\000.\0002\000\040\156\051\136\246\172\172\225\364\122\006\136\003\166\204\154\102\211\343}{subsection.5.1}% 13
\BOOKMARK [2][]{subsection.5.2}{\376\377\0005\000.\0002\000\040\161\012\143\245\123\072\127\337\116\055\137\303\166\204\123\107\156\051\211\304\137\213}{section.5}% 14
\BOOKMARK [2][]{subsection.5.3}{\376\377\0005\000.\0003\000\040\152\041\137\142\154\102\211\343\176\323\147\234}{section.5}% 15
\BOOKMARK [3][]{subsubsection.5.3.1}{\376\377\0005\000.\0003\000.\0001\000\040\152\041\127\213\0001\377\032\147\052\117\356\153\143\152\041\127\213}{subsection.5.3}% 16
\BOOKMARK [3][]{subsubsection.5.3.2}{\376\377\0005\000.\0003\000.\0002\000\040\152\041\127\213\0002\377\032\160\355\142\151\145\143\174\373\145\160\117\356\153\143\124\016\166\204\152\041\127\213}{subsection.5.3}% 17
\BOOKMARK [3][]{subsubsection.5.3.3}{\376\377\0005\000.\0003\000.\0003\000\040\152\041\127\213\0003\377\032\156\051\123\072\172\172\225\364\122\006\136\003\117\356\153\143\124\016\166\204\152\041\127\213\377\010\147\000\176\310\152\041\127\213\377\011}{subsection.5.3}% 18
\BOOKMARK [1][]{section.6}{\376\377\121\155\060\001\000\040\225\356\230\230\116\000\166\204\154\102\211\343}{}% 19
\BOOKMARK [1][]{section.7}{\376\377\116\003\060\001\000\040\225\356\230\230\116\214\166\204\154\102\211\343}{}% 20
\BOOKMARK [1][]{section.8}{\376\377\121\153\060\001\000\040\225\356\230\230\116\011\166\204\154\102\211\343}{}% 21
\BOOKMARK [2][]{subsection.8.1}{\376\377\0008\000.\0001\000\040\145\271\150\110\116\000\377\032\145\164\145\160\127\337\121\205\166\204\127\372\147\054\220\115\123\206}{section.8}% 22
\BOOKMARK [2][]{subsection.8.2}{\376\377\0008\000.\0002\000\040\145\271\150\110\116\214\377\032\174\222\133\120\177\244\173\227\154\325}{section.8}% 23
\BOOKMARK [1][]{section.9}{\376\377\116\135\060\001\000\040\225\356\230\230\126\333\166\204\154\102\211\343}{}% 24
\BOOKMARK [1][]{section.10}{\376\377\123\101\060\001\000\040\123\302\200\003\145\207\163\056\116\016\137\025\165\050}{}% 25
\BOOKMARK [1][]{section*.25}{\376\377\123\302\200\003\145\207\163\056}{}% 26
\BOOKMARK [1][]{appendix.a.A}{\376\377\226\104\137\125\000\040\000A\000\040\220\350\122\006\121\163\225\056\116\343\170\001}{}% 27
\BOOKMARK [2][]{subsection.a.A.1}{\376\377\0001\000.\0001\000\040\127\372\147\054\123\302\145\160\213\276\177\156}{appendix.a.A}% 28
\BOOKMARK [2][]{subsection.a.A.2}{\376\377\0001\000.\0002\000\040\225\356\230\230\116\000\116\343\170\001}{appendix.a.A}% 29
\BOOKMARK [2][]{subsection.a.A.3}{\376\377\0001\000.\0003\000\040\225\356\230\230\116\214\116\343\170\001}{appendix.a.A}% 30
\BOOKMARK [2][]{subsection.a.A.4}{\376\377\0001\000.\0004\000\040\000P\000S\000O\121\163\225\056\116\343\170\001}{appendix.a.A}% 31
